<?xml version="1.0" encoding="UTF-8"?>
<robot generator="Robot 3.1.2 (Python 3.7.3 on win32)" generated="20191218 16:03:04.683" rpa="false">
<suite id="s1" name="Draft" source="C:\development\WE\WE-Project\tests\Draft.robot">
<test id="s1-t1" name="clear element text">
<kw name="Begin Web Test" library="CommonWeb" type="setup">
<kw name="Open Browser" library="SeleniumLibrary">
<doc>Opens a new browser instance to the given ``url``.</doc>
<arguments>
<arg>about:blank</arg>
<arg>${BROWSER}</arg>
</arguments>
<msg timestamp="20191218 16:03:04.910" level="INFO">Opening browser 'chrome' to base url 'about:blank'.</msg>
<status status="PASS" starttime="20191218 16:03:04.910" endtime="20191218 16:03:10.649"></status>
</kw>
<kw name="Maximize Browser Window" library="SeleniumLibrary">
<doc>Maximizes current browser window.</doc>
<status status="PASS" starttime="20191218 16:03:10.649" endtime="20191218 16:03:14.794"></status>
</kw>
<status status="PASS" starttime="20191218 16:03:04.909" endtime="20191218 16:03:14.794"></status>
</kw>
<kw name="Go To" library="SeleniumLibrary">
<doc>Navigates the active browser instance to the provided ``url``.</doc>
<arguments>
<arg>${URL}</arg>
</arguments>
<msg timestamp="20191218 16:03:14.795" level="INFO">Opening url 'https://patrickhouse.wewumbo.io/login'</msg>
<status status="PASS" starttime="20191218 16:03:14.795" endtime="20191218 16:03:18.741"></status>
</kw>
<kw name="Input Text" library="SeleniumLibrary">
<doc>Types the given ``text`` into text field identified by ``locator``.</doc>
<arguments>
<arg>//*[@name="email"]</arg>
<arg>${USER_EMAIL}</arg>
</arguments>
<msg timestamp="20191218 16:03:18.742" level="INFO">Typing text 'ntrongoanh01@gmail.com' into text field '//*[@name="email"]'.</msg>
<status status="PASS" starttime="20191218 16:03:18.742" endtime="20191218 16:03:18.959"></status>
</kw>
<kw name="Input Text" library="SeleniumLibrary">
<doc>Types the given ``text`` into text field identified by ``locator``.</doc>
<arguments>
<arg>//*[@name="password"]</arg>
<arg>${PASSWORD}</arg>
</arguments>
<msg timestamp="20191218 16:03:18.960" level="INFO">Typing text 'abc123' into text field '//*[@name="password"]'.</msg>
<status status="PASS" starttime="20191218 16:03:18.960" endtime="20191218 16:03:19.066"></status>
</kw>
<kw name="Clear Element Text" library="SeleniumLibrary">
<doc>Clears the value of text entry element identified by ``locator``.</doc>
<arguments>
<arg>//*[@name="email"]</arg>
</arguments>
<status status="PASS" starttime="20191218 16:03:19.067" endtime="20191218 16:03:19.096"></status>
</kw>
<status status="PASS" starttime="20191218 16:03:04.909" endtime="20191218 16:03:19.096" critical="yes"></status>
</test>
<status status="PASS" starttime="20191218 16:03:04.685" endtime="20191218 16:03:19.098"></status>
</suite>
<statistics>
<total>
<stat pass="1" fail="0">Critical Tests</stat>
<stat pass="1" fail="0">All Tests</stat>
</total>
<tag>
</tag>
<suite>
<stat pass="1" fail="0" id="s1" name="Draft">Draft</stat>
</suite>
</statistics>
<errors>
</errors>
</robot>
